fanweHybridLive/build/outputs/logs/manifest-merger-jiumizhibo-release-report.txt
-- Merging decision tree log ---
manifest
ADDED from src\main\AndroidManifest.xml:2:1-787:12
	package
		ADDED from src\main\AndroidManifest.xml:4:11-35
		INJECTED from src\main\AndroidManifest.xml
		INJECTED from src\main\AndroidManifest.xml
	android:versionName
		ADDED from src\main\AndroidManifest.xml:6:11-38
		INJECTED from src\main\AndroidManifest.xml
		INJECTED from src\main\AndroidManifest.xml
	xmlns:tools
		ADDED from src\main\AndroidManifest.xml:3:11-57
	android:versionCode
		ADDED from src\main\AndroidManifest.xml:5:11-43
		INJECTED from src\main\AndroidManifest.xml
		INJECTED from src\main\AndroidManifest.xml
	xmlns:android
		ADDED from src\main\AndroidManifest.xml:2:11-69
uses-permission#android.permission.READ_EXTERNAL_STORAGE
ADDED from src\main\AndroidManifest.xml:8:5-79
MERGED from [:librarySocialUmeng-release:] AndroidManifest.xml:15:5-80
	android:name
		ADDED from src\main\AndroidManifest.xml:8:22-77
uses-feature#android.hardware.camera
ADDED from src\main\AndroidManifest.xml:10:5-59
	android:name
		ADDED from src\main\AndroidManifest.xml:10:19-57
uses-feature#android.hardware.autofocus
ADDED from src\main\AndroidManifest.xml:11:5-62
	android:name
		ADDED from src\main\AndroidManifest.xml:11:19-60
uses-permission#android.permission.CAMERA
ADDED from src\main\AndroidManifest.xml:13:5-64
MERGED from [:libraryIMTencent-release:] AndroidManifest.xml:13:5-65
	android:name
		ADDED from src\main\AndroidManifest.xml:13:22-62
uses-permission#android.permission.WRITE_EXTERNAL_STORAGE
ADDED from src\main\AndroidManifest.xml:15:5-80
MERGED from [:libraryPayUnionpay-release:] AndroidManifest.xml:14:5-81
MERGED from [:librarySocialUmeng-release:] AndroidManifest.xml:14:5-81
MERGED from [:PushSDK-release:] AndroidManifest.xml:15:5-81
MERGED from [:libraryIMTencent-release:] AndroidManifest.xml:24:5-81
MERGED from [:libraryMapTencent-release:] AndroidManifest.xml:16:5-81
	android:name
		ADDED from src\main\AndroidManifest.xml:15:22-78
uses-permission#android.permission.INTERNET
ADDED from src\main\AndroidManifest.xml:17:5-66
MERGED from [:libraryPayUnionpay-release:] AndroidManifest.xml:11:5-67
MERGED from [:librarySocialUmeng-release:] AndroidManifest.xml:16:5-67
MERGED from [:PushSDK-release:] AndroidManifest.xml:12:5-67
MERGED from [:libraryIMTencent-release:] AndroidManifest.xml:16:5-67
MERGED from [:libraryMapTencent-release:] AndroidManifest.xml:13:5-67
	android:name
		ADDED from src\main\AndroidManifest.xml:17:22-64
uses-permission#android.permission.CHANGE_NETWORK_STATE
ADDED from src\main\AndroidManifest.xml:19:5-78
MERGED from [:libraryPayUnionpay-release:] AndroidManifest.xml:13:5-79
MERGED from [:PushSDK-release:] AndroidManifest.xml:25:5-79
MERGED from [:libraryIMTencent-release:] AndroidManifest.xml:14:5-79
MERGED from [:libraryMapTencent-release:] AndroidManifest.xml:18:5-79
	android:name
		ADDED from src\main\AndroidManifest.xml:19:22-76
uses-permission#android.permission.CHANGE_WIFI_STATE
ADDED from src\main\AndroidManifest.xml:21:5-75
MERGED from [:PushSDK-release:] AndroidManifest.xml:26:5-76
MERGED from [:libraryMapTencent-release:] AndroidManifest.xml:15:5-76
	android:name
		ADDED from src\main\AndroidManifest.xml:21:22-73
uses-permission#android.permission.ACCESS_NETWORK_STATE
ADDED from src\main\AndroidManifest.xml:23:5-78
MERGED from [:libraryPayUnionpay-release:] AndroidManifest.xml:12:5-79
MERGED from [:librarySocialUmeng-release:] AndroidManifest.xml:11:5-79
MERGED from [:PushSDK-release:] AndroidManifest.xml:13:5-79
MERGED from [:libraryIMTencent-release:] AndroidManifest.xml:11:5-79
MERGED from [:libraryMapTencent-release:] AndroidManifest.xml:17:5-79
	android:name
		ADDED from src\main\AndroidManifest.xml:23:22-76
uses-permission#android.permission.ACCESS_WIFI_STATE
ADDED from src\main\AndroidManifest.xml:25:5-75
MERGED from [:libraryPayUnionpay-release:] AndroidManifest.xml:16:5-76
MERGED from [:librarySocialUmeng-release:] AndroidManifest.xml:12:5-76
MERGED from [:PushSDK-release:] AndroidManifest.xml:14:5-76
MERGED from [:libraryIMTencent-release:] AndroidManifest.xml:12:5-76
MERGED from [:libraryMapTencent-release:] AndroidManifest.xml:14:5-76
	android:name
		ADDED from src\main\AndroidManifest.xml:25:22-73
uses-permission#android.permission.ACCESS_FINE_LOCATION
ADDED from src\main\AndroidManifest.xml:29:5-78
MERGED from [:librarySocialUmeng-release:] AndroidManifest.xml:17:5-79
MERGED from [:libraryMapTencent-release:] AndroidManifest.xml:11:5-79
	android:name
		ADDED from src\main\AndroidManifest.xml:29:22-76
uses-permission#android.permission.ACCESS_COARSE_LOCATION
ADDED from src\main\AndroidManifest.xml:31:5-80
MERGED from [:librarySocialUmeng-release:] AndroidManifest.xml:18:5-81
MERGED from [:libraryMapTencent-release:] AndroidManifest.xml:12:5-81
	android:name
		ADDED from src\main\AndroidManifest.xml:31:22-78
uses-permission#android.permission.BLUETOOTH
ADDED from src\main\AndroidManifest.xml:34:5-67
	android:name
		ADDED from src\main\AndroidManifest.xml:34:22-65
uses-permission#android.permission.BLUETOOTH_ADMIN
ADDED from src\main\AndroidManifest.xml:35:5-73
	android:name
		ADDED from src\main\AndroidManifest.xml:35:22-71
uses-permission#android.permission.BROADCAST_STICKY
ADDED from src\main\AndroidManifest.xml:36:5-74
	android:name
		ADDED from src\main\AndroidManifest.xml:36:22-72
uses-permission#android.permission.MODIFY_AUDIO_SETTINGS
ADDED from src\main\AndroidManifest.xml:37:5-79
MERGED from [:libraryPayUnionpay-release:] AndroidManifest.xml:23:5-80
MERGED from [:libraryIMTencent-release:] AndroidManifest.xml:17:5-80
	android:name
		ADDED from src\main\AndroidManifest.xml:37:22-77
uses-permission#android.permission.READ_LOGS
ADDED from src\main\AndroidManifest.xml:38:5-67
MERGED from [:libraryIMTencent-release:] AndroidManifest.xml:18:5-68
	android:name
		ADDED from src\main\AndroidManifest.xml:38:22-65
uses-permission#android.permission.RECORD_AUDIO
ADDED from src\main\AndroidManifest.xml:39:5-70
MERGED from [:libraryPayUnionpay-release:] AndroidManifest.xml:22:5-71
MERGED from [:libraryIMTencent-release:] AndroidManifest.xml:21:5-71
	android:name
		ADDED from src\main\AndroidManifest.xml:39:22-68
uses-permission#android.permission.FLASHLIGHT
ADDED from src\main\AndroidManifest.xml:40:5-68
	android:name
		ADDED from src\main\AndroidManifest.xml:40:22-66
uses-permission#android.permission.VIBRATE
ADDED from src\main\AndroidManifest.xml:42:5-65
MERGED from [:libraryIMTencent-release:] AndroidManifest.xml:22:5-66
	android:name
		ADDED from src\main\AndroidManifest.xml:42:22-63
uses-permission#android.permission.WRITE_SETTINGS
ADDED from src\main\AndroidManifest.xml:43:5-72
	android:name
		ADDED from src\main\AndroidManifest.xml:43:22-70
uses-permission#android.permission.WAKE_LOCK
ADDED from src\main\AndroidManifest.xml:44:5-67
MERGED from [:PushSDK-release:] AndroidManifest.xml:16:5-68
MERGED from [:libraryIMTencent-release:] AndroidManifest.xml:23:5-68
	android:name
		ADDED from src\main\AndroidManifest.xml:44:22-65
uses-permission#android.permission.READ_PHONE_STATE
ADDED from src\main\AndroidManifest.xml:45:5-74
MERGED from [:libraryPayUnionpay-release:] AndroidManifest.xml:15:5-75
MERGED from [:librarySocialUmeng-release:] AndroidManifest.xml:13:5-75
MERGED from [:PushSDK-release:] AndroidManifest.xml:17:5-75
MERGED from [:libraryIMTencent-release:] AndroidManifest.xml:19:5-75
MERGED from [:libraryMapTencent-release:] AndroidManifest.xml:19:5-75
	android:name
		ADDED from src\main\AndroidManifest.xml:45:22-72
uses-permission#android.permission.GET_TASKS
ADDED from src\main\AndroidManifest.xml:46:5-67
MERGED from [:PushSDK-release:] AndroidManifest.xml:23:5-68
MERGED from [:libraryIMTencent-release:] AndroidManifest.xml:15:5-68
	android:name
		ADDED from src\main\AndroidManifest.xml:46:22-65
uses-permission#android.permission.RECEIVE_BOOT_COMPLETED
ADDED from src\main\AndroidManifest.xml:47:5-80
MERGED from [:PushSDK-release:] AndroidManifest.xml:24:5-81
MERGED from [:libraryIMTencent-release:] AndroidManifest.xml:20:5-81
	android:name
		ADDED from src\main\AndroidManifest.xml:47:22-78
uses-permission#android.permission.SYSTEM_ALERT_WINDOW
ADDED from src\main\AndroidManifest.xml:48:5-77
	android:name
		ADDED from src\main\AndroidManifest.xml:48:22-75
application
ADDED from src\main\AndroidManifest.xml:51:5-785:19
MERGED from [:libraryPayAlipay-release:] AndroidManifest.xml:11:5-19:19
MERGED from [:libraryPayBaofoo-release:] AndroidManifest.xml:11:5-27:19
MERGED from [:libraryPayUnionpay-release:] AndroidManifest.xml:25:5-32:19
MERGED from [:librarySpan-release:] AndroidManifest.xml:11:5-12:19
MERGED from [:PushSDK-release:] AndroidManifest.xml:28:5-148:19
MERGED from [:TimePickerDialog-release:] AndroidManifest.xml:11:5-14:19
MERGED from [:libraryIMTencent-release:] AndroidManifest.xml:26:5-65:19
MERGED from [:libraryMapTencent-release:] AndroidManifest.xml:21:5-27:19
MERGED from [release_2.3:libraryGames:unspecified] AndroidManifest.xml:11:5-15:19
MERGED from [com.songhang:smart-headerfooter-recyclerview:1.0.1] AndroidManifest.xml:11:5-15:19
MERGED from [com.android.support:appcompat-v7:24.2.0] AndroidManifest.xml:25:5-20
MERGED from [com.android.support:animated-vector-drawable:24.2.0] AndroidManifest.xml:22:5-20
MERGED from [com.android.support:support-vector-drawable:24.2.0] AndroidManifest.xml:23:5-20
MERGED from [com.android.support:support-v4:24.2.0] AndroidManifest.xml:25:5-20
MERGED from [com.android.support:support-fragment:24.2.0] AndroidManifest.xml:25:5-20
MERGED from [com.android.support:support-core-utils:24.2.0] AndroidManifest.xml:25:5-20
MERGED from [com.android.support:support-media-compat:24.2.0] AndroidManifest.xml:25:5-20
MERGED from [com.android.support:support-core-ui:24.2.0] AndroidManifest.xml:25:5-20
MERGED from [com.android.support:support-compat:25.3.0] AndroidManifest.xml:29:5-20
	android:label
		ADDED from src\main\AndroidManifest.xml:55:9-41
	android:supportsRtl
		ADDED from [:TimePickerDialog-release:] AndroidManifest.xml:13:9-35
	android:allowBackup
		ADDED from src\main\AndroidManifest.xml:53:9-35
	android:icon
		ADDED from src\main\AndroidManifest.xml:54:9-38
	android:theme
		ADDED from src\main\AndroidManifest.xml:56:9-49
	tools:replace
		ADDED from src\main\AndroidManifest.xml:57:9-52
	android:name
		ADDED from src\main\AndroidManifest.xml:52:9-48
activity#com.fanwe.hybrid.activity.InitActivity
ADDED from src\main\AndroidManifest.xml:58:9-67:20
	android:label
		ADDED from src\main\AndroidManifest.xml:60:13-45
	android:theme
		ADDED from src\main\AndroidManifest.xml:61:13-48
	android:name
		ADDED from src\main\AndroidManifest.xml:59:13-66
intent-filter#android.intent.action.MAIN+android.intent.category.LAUNCHER
ADDED from src\main\AndroidManifest.xml:62:13-66:29
action#android.intent.action.MAIN
ADDED from src\main\AndroidManifest.xml:63:17-68
	android:name
		ADDED from src\main\AndroidManifest.xml:63:25-66
category#android.intent.category.LAUNCHER
ADDED from src\main\AndroidManifest.xml:65:17-76
	android:name
		ADDED from src\main\AndroidManifest.xml:65:27-74
receiver#com.ta.util.netstate.TANetworkStateReceiver
ADDED from src\main\AndroidManifest.xml:70:9-75:20
	android:name
		ADDED from src\main\AndroidManifest.xml:70:19-77
intent-filter#android.gzcpc.conn.CONNECTIVITY_CHANGE+android.net.conn.CONNECTIVITY_CHANGE
ADDED from src\main\AndroidManifest.xml:71:13-74:29
action#android.net.conn.CONNECTIVITY_CHANGE
ADDED from src\main\AndroidManifest.xml:72:17-78
	android:name
		ADDED from src\main\AndroidManifest.xml:72:25-76
action#android.gzcpc.conn.CONNECTIVITY_CHANGE
ADDED from src\main\AndroidManifest.xml:73:17-80
	android:name
		ADDED from src\main\AndroidManifest.xml:73:25-78
activity#com.fanwe.hybrid.activity.InitAdvListActivity
ADDED from src\main\AndroidManifest.xml:78:9-80:51
	android:screenOrientation
		ADDED from src\main\AndroidManifest.xml:80:13-49
	android:name
		ADDED from src\main\AndroidManifest.xml:79:13-73
activity#com.fanwe.hybrid.activity.MainActivity
ADDED from src\main\AndroidManifest.xml:83:9-99:20
	android:screenOrientation
		ADDED from src\main\AndroidManifest.xml:86:13-49
	android:launchMode
		ADDED from src\main\AndroidManifest.xml:85:13-44
	android:theme
		ADDED from src\main\AndroidManifest.xml:87:13-44
	android:name
		ADDED from src\main\AndroidManifest.xml:84:13-66
intent-filter#android.intent.action.VIEW+android.intent.category.BROWSABLE+android.intent.category.DEFAULT
ADDED from src\main\AndroidManifest.xml:88:13-98:29
action#android.intent.action.VIEW
ADDED from src\main\AndroidManifest.xml:89:17-68
	android:name
		ADDED from src\main\AndroidManifest.xml:89:25-66
category#android.intent.category.DEFAULT
ADDED from src\main\AndroidManifest.xml:91:17-75
	android:name
		ADDED from src\main\AndroidManifest.xml:91:27-73
category#android.intent.category.BROWSABLE
ADDED from src\main\AndroidManifest.xml:92:17-77
	android:name
		ADDED from src\main\AndroidManifest.xml:92:27-75
data
ADDED from src\main\AndroidManifest.xml:94:17-97:45
	android:host
		ADDED from src\main\AndroidManifest.xml:95:21-50
	android:scheme
		ADDED from src\main\AndroidManifest.xml:97:21-43
	android:pathPrefix
		ADDED from src\main\AndroidManifest.xml:96:21-47
activity#com.fanwe.hybrid.activity.AdImgActivity
ADDED from src\main\AndroidManifest.xml:102:9-105:50
	android:screenOrientation
		ADDED from src\main\AndroidManifest.xml:104:13-49
	android:theme
		ADDED from src\main\AndroidManifest.xml:105:13-48
	android:name
		ADDED from src\main\AndroidManifest.xml:103:13-67
activity#com.fanwe.hybrid.activity.MyCaptureActivity
ADDED from src\main\AndroidManifest.xml:108:9-111:51
	android:screenOrientation
		ADDED from src\main\AndroidManifest.xml:111:13-49
	android:launchMode
		ADDED from src\main\AndroidManifest.xml:110:13-44
	android:name
		ADDED from src\main\AndroidManifest.xml:109:13-71
activity#com.fanwe.hybrid.activity.AppWebViewActivity
ADDED from src\main\AndroidManifest.xml:113:9-115:51
	android:screenOrientation
		ADDED from src\main\AndroidManifest.xml:115:13-49
	android:name
		ADDED from src\main\AndroidManifest.xml:114:13-72
activity#com.fanwe.live.activity.LiveMainActivity
ADDED from src\main\AndroidManifest.xml:118:9-122:51
	android:screenOrientation
		ADDED from src\main\AndroidManifest.xml:122:13-49
	android:launchMode
		ADDED from src\main\AndroidManifest.xml:121:13-44
	android:configChanges
		ADDED from src\main\AndroidManifest.xml:120:13-72
	android:name
		ADDED from src\main\AndroidManifest.xml:119:13-54
activity#com.fanwe.live.activity.LiveLoginActivity
ADDED from src\main\AndroidManifest.xml:125:9-129:51
	android:screenOrientation
		ADDED from src\main\AndroidManifest.xml:129:13-49
	android:launchMode
		ADDED from src\main\AndroidManifest.xml:128:13-44
	android:configChanges
		ADDED from src\main\AndroidManifest.xml:127:13-72
	android:name
		ADDED from src\main\AndroidManifest.xml:126:13-55
activity#com.fanwe.live.activity.LiveMobielRegisterActivity
ADDED from src\main\AndroidManifest.xml:132:9-135:51
	android:screenOrientation
		ADDED from src\main\AndroidManifest.xml:135:13-49
	android:configChanges
		ADDED from src\main\AndroidManifest.xml:134:13-72
	android:name
		ADDED from src\main\AndroidManifest.xml:133:13-64
activity#com.fanwe.live.activity.LiveDoUpdateActivity
ADDED from src\main\AndroidManifest.xml:138:9-141:51
	android:screenOrientation
		ADDED from src\main\AndroidManifest.xml:141:13-49
	android:configChanges
		ADDED from src\main\AndroidManifest.xml:140:13-72
	android:name
		ADDED from src\main\AndroidManifest.xml:139:13-58
activity#com.fanwe.live.activity.LiveTopicRoomActivity
ADDED from src\main\AndroidManifest.xml:144:9-148:51
	android:screenOrientation
		ADDED from src\main\AndroidManifest.xml:148:13-49
	android:launchMode
		ADDED from src\main\AndroidManifest.xml:147:13-44
	android:configChanges
		ADDED from src\main\AndroidManifest.xml:146:13-72
	android:name
		ADDED from src\main\AndroidManifest.xml:145:13-59
activity#com.fanwe.live.activity.LiveHotTopicActivity
ADDED from src\main\AndroidManifest.xml:151:9-155:51
	android:screenOrientation
		ADDED from src\main\AndroidManifest.xml:155:13-49
	android:launchMode
		ADDED from src\main\AndroidManifest.xml:154:13-44
	android:configChanges
		ADDED from src\main\AndroidManifest.xml:153:13-72
	android:name
		ADDED from src\main\AndroidManifest.xml:152:13-58
activity#com.fanwe.live.activity.LiveCreateRoomActivity
ADDED from src\main\AndroidManifest.xml:158:9-162:51
	android:screenOrientation
		ADDED from src\main\AndroidManifest.xml:162:13-49
	android:launchMode
		ADDED from src\main\AndroidManifest.xml:161:13-44
	android:configChanges
		ADDED from src\main\AndroidManifest.xml:160:13-72
	android:name
		ADDED from src\main\AndroidManifest.xml:159:13-60
activity#com.fanwe.live.activity.LiveCreateRoomTopicActivity
ADDED from src\main\AndroidManifest.xml:165:9-170:58
	android:screenOrientation
		ADDED from src\main\AndroidManifest.xml:169:13-49
	android:launchMode
		ADDED from src\main\AndroidManifest.xml:168:13-44
	android:windowSoftInputMode
		ADDED from src\main\AndroidManifest.xml:170:13-56
	android:configChanges
		ADDED from src\main\AndroidManifest.xml:167:13-72
	android:name
		ADDED from src\main\AndroidManifest.xml:166:13-65
activity#com.fanwe.live.activity.LiveCreaterAgreementActivity
ADDED from src\main\AndroidManifest.xml:172:9-176:51
	android:screenOrientation
		ADDED from src\main\AndroidManifest.xml:176:13-49
	android:launchMode
		ADDED from src\main\AndroidManifest.xml:175:13-44
	android:configChanges
		ADDED from src\main\AndroidManifest.xml:174:13-72
	android:name
		ADDED from src\main\AndroidManifest.xml:173:13-66
activity#com.fanwe.live.activity.room.LiveCreaterActivity
ADDED from src\main\AndroidManifest.xml:178:9-183:54
	android:screenOrientation
		ADDED from src\main\AndroidManifest.xml:182:13-49
	android:launchMode
		ADDED from src\main\AndroidManifest.xml:181:13-44
	android:windowSoftInputMode
		ADDED from src\main\AndroidManifest.xml:183:13-52
	android:configChanges
		ADDED from src\main\AndroidManifest.xml:180:13-72
	android:name
		ADDED from src\main\AndroidManifest.xml:179:13-62
activity#com.fanwe.live.activity.room.LiveViewerActivity
ADDED from src\main\AndroidManifest.xml:185:9-190:54
	android:screenOrientation
		ADDED from src\main\AndroidManifest.xml:189:13-49
	android:launchMode
		ADDED from src\main\AndroidManifest.xml:188:13-44
	android:windowSoftInputMode
		ADDED from src\main\AndroidManifest.xml:190:13-52
	android:configChanges
		ADDED from src\main\AndroidManifest.xml:187:13-72
	android:name
		ADDED from src\main\AndroidManifest.xml:186:13-61
activity#com.fanwe.live.activity.room.LivePlaybackActivity
ADDED from src\main\AndroidManifest.xml:192:9-197:54
	android:screenOrientation
		ADDED from src\main\AndroidManifest.xml:196:13-49
	android:launchMode
		ADDED from src\main\AndroidManifest.xml:195:13-44
	android:windowSoftInputMode
		ADDED from src\main\AndroidManifest.xml:197:13-52
	android:configChanges
		ADDED from src\main\AndroidManifest.xml:194:13-72
	android:name
		ADDED from src\main\AndroidManifest.xml:193:13-63
activity#com.fanwe.live.activity.room.LivePushCreaterActivity
ADDED from src\main\AndroidManifest.xml:200:9-205:54
	android:screenOrientation
		ADDED from src\main\AndroidManifest.xml:204:13-49
	android:launchMode
		ADDED from src\main\AndroidManifest.xml:203:13-44
	android:windowSoftInputMode
		ADDED from src\main\AndroidManifest.xml:205:13-52
	android:configChanges
		ADDED from src\main\AndroidManifest.xml:202:13-72
	android:name
		ADDED from src\main\AndroidManifest.xml:201:13-66
activity#com.fanwe.live.activity.room.LivePushViewerActivity
ADDED from src\main\AndroidManifest.xml:208:9-213:54
	android:screenOrientation
		ADDED from src\main\AndroidManifest.xml:212:13-49
	android:launchMode
		ADDED from src\main\AndroidManifest.xml:211:13-44
	android:windowSoftInputMode
		ADDED from src\main\AndroidManifest.xml:213:13-52
	android:configChanges
		ADDED from src\main\AndroidManifest.xml:210:13-72
	android:name
		ADDED from src\main\AndroidManifest.xml:209:13-65
activity#com.fanwe.live.activity.room.LivePCViewerActivity
ADDED from src\main\AndroidManifest.xml:216:9-221:57
	android:screenOrientation
		ADDED from src\main\AndroidManifest.xml:220:13-49
	android:launchMode
		ADDED from src\main\AndroidManifest.xml:219:13-44
	android:windowSoftInputMode
		ADDED from src\main\AndroidManifest.xml:221:13-55
	android:configChanges
		ADDED from src\main\AndroidManifest.xml:218:13-83
	android:name
		ADDED from src\main\AndroidManifest.xml:217:13-63
activity#com.fanwe.live.activity.room.LivePCPlaybackActivity
ADDED from src\main\AndroidManifest.xml:224:9-229:57
	android:screenOrientation
		ADDED from src\main\AndroidManifest.xml:228:13-49
	android:launchMode
		ADDED from src\main\AndroidManifest.xml:227:13-44
	android:windowSoftInputMode
		ADDED from src\main\AndroidManifest.xml:229:13-55
	android:configChanges
		ADDED from src\main\AndroidManifest.xml:226:13-83
	android:name
		ADDED from src\main\AndroidManifest.xml:225:13-65
activity#com.fanwe.live.activity.LiveAdminActivity
ADDED from src\main\AndroidManifest.xml:231:9-235:54
	android:screenOrientation
		ADDED from src\main\AndroidManifest.xml:234:13-49
	android:windowSoftInputMode
		ADDED from src\main\AndroidManifest.xml:235:13-52
	android:configChanges
		ADDED from src\main\AndroidManifest.xml:233:13-72
	android:name
		ADDED from src\main\AndroidManifest.xml:232:13-55
activity#com.fanwe.live.activity.LiveContActivity
ADDED from src\main\AndroidManifest.xml:238:9-242:54
	android:screenOrientation
		ADDED from src\main\AndroidManifest.xml:241:13-49
	android:windowSoftInputMode
		ADDED from src\main\AndroidManifest.xml:242:13-52
	android:configChanges
		ADDED from src\main\AndroidManifest.xml:240:13-72
	android:name
		ADDED from src\main\AndroidManifest.xml:239:13-54
activity#com.fanwe.live.activity.LiveUserHomeActivity
ADDED from src\main\AndroidManifest.xml:245:9-249:54
	android:screenOrientation
		ADDED from src\main\AndroidManifest.xml:248:13-49
	android:windowSoftInputMode
		ADDED from src\main\AndroidManifest.xml:249:13-52
	android:configChanges
		ADDED from src\main\AndroidManifest.xml:247:13-72
	android:name
		ADDED from src\main\AndroidManifest.xml:246:13-58
activity#com.fanwe.live.activity.LivePrivateChatActivity
ADDED from src\main\AndroidManifest.xml:252:9-257:62
	android:screenOrientation
		ADDED from src\main\AndroidManifest.xml:256:13-49
	android:launchMode
		ADDED from src\main\AndroidManifest.xml:255:13-44
	android:windowSoftInputMode
		ADDED from src\main\AndroidManifest.xml:257:13-60
	android:configChanges
		ADDED from src\main\AndroidManifest.xml:254:13-72
	android:name
		ADDED from src\main\AndroidManifest.xml:253:13-61
activity#com.fanwe.live.activity.LiveChatC2CActivity
ADDED from src\main\AndroidManifest.xml:260:9-265:57
	android:screenOrientation
		ADDED from src\main\AndroidManifest.xml:264:13-49
	android:launchMode
		ADDED from src\main\AndroidManifest.xml:263:13-44
	android:windowSoftInputMode
		ADDED from src\main\AndroidManifest.xml:265:13-55
	android:configChanges
		ADDED from src\main\AndroidManifest.xml:262:13-72
	android:name
		ADDED from src\main\AndroidManifest.xml:261:13-57
activity#com.fanwe.live.activity.PhotoViewActivity
ADDED from src\main\AndroidManifest.xml:268:9-273:57
	android:screenOrientation
		ADDED from src\main\AndroidManifest.xml:272:13-49
	android:launchMode
		ADDED from src\main\AndroidManifest.xml:271:13-44
	android:windowSoftInputMode
		ADDED from src\main\AndroidManifest.xml:273:13-55
	android:configChanges
		ADDED from src\main\AndroidManifest.xml:270:13-72
	android:name
		ADDED from src\main\AndroidManifest.xml:269:13-55
activity#com.fanwe.live.activity.SelectPhotoActivity
ADDED from src\main\AndroidManifest.xml:276:9-281:57
	android:screenOrientation
		ADDED from src\main\AndroidManifest.xml:280:13-49
	android:launchMode
		ADDED from src\main\AndroidManifest.xml:279:13-44
	android:windowSoftInputMode
		ADDED from src\main\AndroidManifest.xml:281:13-55
	android:configChanges
		ADDED from src\main\AndroidManifest.xml:278:13-72
	android:name
		ADDED from src\main\AndroidManifest.xml:277:13-57
activity#com.fanwe.live.activity.LiveUserHeadImageActivity
ADDED from src\main\AndroidManifest.xml:284:9-289:62
	android:screenOrientation
		ADDED from src\main\AndroidManifest.xml:288:13-49
	android:launchMode
		ADDED from src\main\AndroidManifest.xml:287:13-44
	android:windowSoftInputMode
		ADDED from src\main\AndroidManifest.xml:289:13-60
	android:configChanges
		ADDED from src\main\AndroidManifest.xml:286:13-72
	android:name
		ADDED from src\main\AndroidManifest.xml:285:13-63
activity#com.fanwe.live.activity.LiveUserEditActivity
ADDED from src\main\AndroidManifest.xml:292:9-297:62
	android:screenOrientation
		ADDED from src\main\AndroidManifest.xml:296:13-49
	android:launchMode
		ADDED from src\main\AndroidManifest.xml:295:13-44
	android:windowSoftInputMode
		ADDED from src\main\AndroidManifest.xml:297:13-60
	android:configChanges
		ADDED from src\main\AndroidManifest.xml:294:13-72
	android:name
		ADDED from src\main\AndroidManifest.xml:293:13-58
activity#com.fanwe.live.activity.LiveUserProfitActivity
ADDED from src\main\AndroidManifest.xml:300:9-305:62
	android:screenOrientation
		ADDED from src\main\AndroidManifest.xml:304:13-49
	android:launchMode
		ADDED from src\main\AndroidManifest.xml:303:13-44
	android:windowSoftInputMode
		ADDED from src\main\AndroidManifest.xml:305:13-60
	android:configChanges
		ADDED from src\main\AndroidManifest.xml:302:13-72
	android:name
		ADDED from src\main\AndroidManifest.xml:301:13-60
activity#com.fanwe.live.activity.LiveUserProfitRecordActivity
ADDED from src\main\AndroidManifest.xml:308:9-313:62
	android:screenOrientation
		ADDED from src\main\AndroidManifest.xml:312:13-49
	android:launchMode
		ADDED from src\main\AndroidManifest.xml:311:13-44
	android:windowSoftInputMode
		ADDED from src\main\AndroidManifest.xml:313:13-60
	android:configChanges
		ADDED from src\main\AndroidManifest.xml:310:13-72
	android:name
		ADDED from src\main\AndroidManifest.xml:309:13-66
activity#com.fanwe.live.activity.LiveUserProfitExchangeActivity
ADDED from src\main\AndroidManifest.xml:316:9-321:62
	android:screenOrientation
		ADDED from src\main\AndroidManifest.xml:320:13-49
	android:launchMode
		ADDED from src\main\AndroidManifest.xml:319:13-44
	android:windowSoftInputMode
		ADDED from src\main\AndroidManifest.xml:321:13-60
	android:configChanges
		ADDED from src\main\AndroidManifest.xml:318:13-72
	android:name
		ADDED from src\main\AndroidManifest.xml:317:13-68
activity#com.fanwe.live.activity.LiveFamilyUpdateEditActivity
ADDED from src\main\AndroidManifest.xml:324:9-329:62
	android:screenOrientation
		ADDED from src\main\AndroidManifest.xml:328:13-49
	android:launchMode
		ADDED from src\main\AndroidManifest.xml:327:13-44
	android:windowSoftInputMode
		ADDED from src\main\AndroidManifest.xml:329:13-60
	android:configChanges
		ADDED from src\main\AndroidManifest.xml:326:13-72
	android:name
		ADDED from src\main\AndroidManifest.xml:325:13-66
activity#com.fanwe.live.activity.LiveFamilyDetailsActivity
ADDED from src\main\AndroidManifest.xml:332:9-337:62
	android:screenOrientation
		ADDED from src\main\AndroidManifest.xml:336:13-49
	android:launchMode
		ADDED from src\main\AndroidManifest.xml:335:13-44
	android:windowSoftInputMode
		ADDED from src\main\AndroidManifest.xml:337:13-60
	android:configChanges
		ADDED from src\main\AndroidManifest.xml:334:13-72
	android:name
		ADDED from src\main\AndroidManifest.xml:333:13-63
activity#com.fanwe.live.activity.LiveFamilyInformationActivity
ADDED from src\main\AndroidManifest.xml:340:9-345:62
	android:screenOrientation
		ADDED from src\main\AndroidManifest.xml:344:13-49
	android:launchMode
		ADDED from src\main\AndroidManifest.xml:343:13-44
	android:windowSoftInputMode
		ADDED from src\main\AndroidManifest.xml:345:13-60
	android:configChanges
		ADDED from src\main\AndroidManifest.xml:342:13-72
	android:name
		ADDED from src\main\AndroidManifest.xml:341:13-67
activity#com.fanwe.live.activity.LiveFamilysListActivity
ADDED from src\main\AndroidManifest.xml:348:9-353:62
	android:screenOrientation
		ADDED from src\main\AndroidManifest.xml:352:13-49
	android:launchMode
		ADDED from src\main\AndroidManifest.xml:351:13-44
	android:windowSoftInputMode
		ADDED from src\main\AndroidManifest.xml:353:13-60
	android:configChanges
		ADDED from src\main\AndroidManifest.xml:350:13-72
	android:name
		ADDED from src\main\AndroidManifest.xml:349:13-61
activity#com.fanwe.live.activity.LiveFamilyMembersListActivity
ADDED from src\main\AndroidManifest.xml:356:9-361:62
	android:screenOrientation
		ADDED from src\main\AndroidManifest.xml:360:13-49
	android:launchMode
		ADDED from src\main\AndroidManifest.xml:359:13-44
	android:windowSoftInputMode
		ADDED from src\main\AndroidManifest.xml:361:13-60
	android:configChanges
		ADDED from src\main\AndroidManifest.xml:358:13-72
	android:name
		ADDED from src\main\AndroidManifest.xml:357:13-67
activity#com.fanwe.live.activity.LiveSociatyUpdateEditActivity
ADDED from src\main\AndroidManifest.xml:364:9-369:62
	android:screenOrientation
		ADDED from src\main\AndroidManifest.xml:368:13-49
	android:launchMode
		ADDED from src\main\AndroidManifest.xml:367:13-44
	android:windowSoftInputMode
		ADDED from src\main\AndroidManifest.xml:369:13-60
	android:configChanges
		ADDED from src\main\AndroidManifest.xml:366:13-72
	android:name
		ADDED from src\main\AndroidManifest.xml:365:13-67
activity#com.fanwe.live.activity.LiveSociatyDetailsActivity
ADDED from src\main\AndroidManifest.xml:372:9-377:62
	android:screenOrientation
		ADDED from src\main\AndroidManifest.xml:376:13-49
	android:launchMode
		ADDED from src\main\AndroidManifest.xml:375:13-44
	android:windowSoftInputMode
		ADDED from src\main\AndroidManifest.xml:377:13-60
	android:configChanges
		ADDED from src\main\AndroidManifest.xml:374:13-72
	android:name